<?xml version="1.0" encoding="utf-8" standalone="no"?>
<!--This file represents the results of running a test suite-->
<test-results name="E:\Test\AutomationTestGMail\AutomationTestGMail\bin\Debug\AutomationTestGMail.dll" total="1" errors="0" failures="1" not-run="0" inconclusive="0" ignored="0" skipped="0" invalid="0" date="2014-11-05" time="02:27:54">
  <environment nunit-version="2.6.3.13283" clr-version="2.0.50727.5485" os-version="Microsoft Windows NT 6.1.7601 Service Pack 1" platform="Win32NT" cwd="E:\Test\AutomationTestGMail" machine-name="SYNKA-PC" user="Synka" user-domain="Synka-PC" />
  <culture-info current-culture="ru-RU" current-uiculture="ru-RU" />
  <test-suite type="Assembly" name="E:\Test\AutomationTestGMail\AutomationTestGMail\bin\Debug\AutomationTestGMail.dll" executed="True" result="Failure" success="False" time="25.021" asserts="0">
    <results>
      <test-suite type="Namespace" name="AutomationTestGMail" executed="True" result="Failure" success="False" time="25.013" asserts="0">
        <results>
          <test-suite type="TestFixture" name="TestGMail" executed="True" result="Failure" success="False" time="25.011" asserts="0">
            <results>
              <test-case name="AutomationTestGMail.TestGMail.AuthorizationInGMail" executed="True" result="Failure" success="False" time="24.986" asserts="3">
                <failure>
                  <message><![CDATA[  Expected: True
  But was:  False
]]></message>
                  <stack-trace><![CDATA[в AutomationTestGMail.TestGMail.AuthorizationInGMail() в e:\Test\AutomationTestGMail\AutomationTestGMail\TestGMail.cs:строка 60
]]></stack-trace>
                </failure>
              </test-case>
            </results>
          </test-suite>
        </results>
      </test-suite>
    </results>
  </test-suite>
</test-results>