<?xml version="1.0" encoding="utf-8" standalone="no"?>
<!--This file represents the results of running a test suite-->
<test-results name="E:\Test\TwitterTest\TwitterTest\bin\Debug\TwitterTest.dll" total="1" errors="0" failures="0" not-run="0" inconclusive="0" ignored="0" skipped="0" invalid="0" date="2015-08-04" time="02:26:18">
  <environment nunit-version="2.6.3.13283" clr-version="2.0.50727.5485" os-version="Microsoft Windows NT 6.1.7601 Service Pack 1" platform="Win32NT" cwd="C:\Program Files\NUnit 2.6.3\bin" machine-name="SYNKA-PC" user="Synka" user-domain="Synka-PC" />
  <culture-info current-culture="ru-RU" current-uiculture="ru-RU" />
  <test-suite type="Assembly" name="E:\Test\TwitterTest\TwitterTest\bin\Debug\TwitterTest.dll" executed="True" result="Success" success="True" time="17.097" asserts="0">
    <results>
      <test-suite type="Namespace" name="TwitterTest" executed="True" result="Success" success="True" time="17.089" asserts="0">
        <results>
          <test-suite type="Namespace" name="Test" executed="True" result="Success" success="True" time="17.088" asserts="0">
            <results>
              <test-suite type="TestFixture" name="TwitterTest" executed="True" result="Success" success="True" time="17.084" asserts="0">
                <results>
                  <test-case name="TwitterTest.Test.TwitterTest.TestWritePost" executed="True" result="Success" success="True" time="6.740" asserts="3" />
                </results>
              </test-suite>
            </results>
          </test-suite>
        </results>
      </test-suite>
    </results>
  </test-suite>
</test-results>