<?xml version="1.0" encoding="utf-8" standalone="no"?>
<!--This file represents the results of running a test suite-->
<test-results name="E:\Test\AutomationTestGoogleSearch\AutomationTestGoogleSearch\bin\Debug\TestGoogleSearch.dll" total="1" errors="0" failures="0" not-run="0" inconclusive="0" ignored="0" skipped="0" invalid="0" date="2014-10-30" time="18:34:50">
  <environment nunit-version="2.6.3.13283" clr-version="2.0.50727.5485" os-version="Microsoft Windows NT 6.1.7601 Service Pack 1" platform="Win32NT" cwd="E:\Test\AutomationTestGoogleSearch" machine-name="SYNKA-PC" user="Synka" user-domain="Synka-PC" />
  <culture-info current-culture="ru-RU" current-uiculture="ru-RU" />
  <test-suite type="Assembly" name="E:\Test\AutomationTestGoogleSearch\AutomationTestGoogleSearch\bin\Debug\TestGoogleSearch.dll" executed="True" result="Success" success="True" time="22.256" asserts="0">
    <results>
      <test-suite type="Namespace" name="TestGoogleSearch" executed="True" result="Success" success="True" time="22.247" asserts="0">
        <results>
          <test-suite type="TestFixture" name="TestGoogleSearch" executed="True" result="Success" success="True" time="22.246" asserts="0">
            <results>
              <test-case name="TestGoogleSearch.TestGoogleSearch.GoogleSearch" executed="True" result="Success" success="True" time="22.238" asserts="1" />
            </results>
          </test-suite>
        </results>
      </test-suite>
    </results>
  </test-suite>
</test-results>